#
# A fatal error has been detected by the Java Runtime Environment:
#
#  SIGSEGV (0xb) at pc=0x000000010de02730, pid=7316, tid=76819
#
# JRE version: Java(TM) SE Runtime Environment (7.0_79-b15) (build 1.7.0_79-b15)
# Java VM: Java HotSpot(TM) 64-Bit Server VM (24.79-b02 mixed mode bsd-amd64 compressed oops)
# Problematic frame:
# J 1918 C2 java.util.concurrent.ConcurrentHashMap$Segment.put(Ljava/lang/Object;ILjava/lang/Object;Z)Ljava/lang/Object; (237 bytes) @ 0x000000010de02730 [0x000000010de023c0+0x370]
#
# Failed to write core dump. Core dumps have been disabled. To enable core dumping, try "ulimit -c unlimited" before starting Java again
#
# If you would like to submit a bug report, please visit:
#   http://bugreport.java.com/bugreport/crash.jsp
#

---------------  T H R E A D  ---------------

Current thread (0x00007f830e8c0800):  JavaThread "Daemon worker Thread 4" [_thread_in_Java, id=76819, stack(0x0000000118f11000,0x0000000119011000)]

siginfo:si_signo=SIGSEGV: si_errno=0, si_code=1 (SEGV_MAPERR), si_addr=0x00000000000000d0

Registers:
RAX=0x0000000000000000, RBX=0x0000000069fdf580, RCX=0x0000000000000000, RDX=0x00000000000000c0
RSP=0x000000011900d980, RBP=0x00000007ec1b87f0, RSI=0x0000000000000400, RDI=0x00000007c0239398
R8 =0x0000000000000018, R9 =0x00000007c3986148, R10=0x00000000f8250a98, R11=0x00000000000000c0
R12=0x0000000000000000, R13=0x00000000000002a3, R14=0x00000000f8730c29, R15=0x00007f830e8c0800
RIP=0x000000010de02730, EFLAGS=0x0000000000010206, ERR=0x0000000000000004
  TRAPNO=0x000000000000000e

Top of Stack: (sp=0x000000011900d980)
0x000000011900d980:   00000007c0239398 0000000000000000
0x000000011900d990:   00000400a806b6a3 00000007ec1b87f0
0x000000011900d9a0:   fd8370fe00000001 0000000000000000
0x000000011900d9b0:   00000007c12854c0 00000007ec1b86a8
0x000000011900d9c0:   00000007c1285f5c 000000010d0c9375
0x000000011900d9d0:   00007f830e8c0800 00007f83056879c0
0x000000011900d9e0:   000000011900dae0 000000010d962720
0x000000011900d9f0:   0000000000000000 a806b6a3056879c0
0x000000011900da00:   0000000100000000 000000010d0c943e
0x000000011900da10:   00007f830340ee20 00000007c00e9c28
0x000000011900da20:   00000007ec1b86a8 00000007ec1b87f0
0x000000011900da30:   00007f8305015100 0000000000000000
0x000000011900da40:   000000011900dab0 000000010cf2f979
0x000000011900da50:   000000011900dae0 000000010dacf3e0
0x000000011900da60:   000000011900da70 0000000107b03699
0x000000011900da70:   000000011900dae0 000000010d76c233
0x000000011900da80:   000000011900dc60 000000010d76c233
0x000000011900da90:   00000007ec1b86a8 00000007c00e9c28
0x000000011900daa0:   000000011900daa0 00000007b04d402c
0x000000011900dab0:   000000011900db08 00000007b04d6780
0x000000011900dac0:   00000007b2822270 00000007b04d40c0
0x000000011900dad0:   000000011900da90 000000011900db10
0x000000011900dae0:   00000000f80744fe 000000010d962928
0x000000011900daf0:   0000000000000000 0000000100000000
0x000000011900db00:   00000007ec1b86a8 00000007c03a27f0
0x000000011900db10:   145391aebf7f34a8 000000010d9fd604
0x000000011900db20:   0000000700000000 00007f83a806b6a3
0x000000011900db30:   0000000000000007 00000007c03a27a8
0x000000011900db40:   00000007ec1b86a8 00000007c03a27a8
0x000000011900db50:   0000005ab9f79131 0000000000000000
0x000000011900db60:   000000011900dba0 00000001079c0f5d
0x000000011900db70:   00000000f80744f5 000000010de78830 

Instructions: (pc=0x000000010de02730)
0x000000010de02710:   89 3c 24 48 89 44 24 08 48 89 4c 24 28 89 74 24
0x000000010de02720:   14 89 5c 24 24 4c 89 5c 24 30 4c 89 44 24 40 90
0x000000010de02730:   44 8b 42 10 49 8b d8 48 c1 e3 03 48 3b 5c 24 38
0x000000010de02740:   0f 84 40 ff ff ff 44 8b 5a 0c 44 3b 5c 24 10 0f 

Register to memory mapping:

RAX=0x0000000000000000 is an unknown value
RBX=0x0000000069fdf580 is an unknown value
RCX=0x0000000000000000 is an unknown value
RDX=0x00000000000000c0 is an unknown value
RSP=0x000000011900d980 is pointing into the stack for thread: 0x00007f830e8c0800
RBP=0x00000007ec1b87f0 is an oop
java.lang.Object 
 - klass: 'java/lang/Object'
RSI=0x0000000000000400 is an unknown value
RDI=0x00000007c0239398 is an oop
java.util.concurrent.ConcurrentHashMap$Segment 
 - klass: 'java/util/concurrent/ConcurrentHashMap$Segment'
R8 =0x0000000000000018 is an unknown value
R9 =0x00000007c3986148 is an oop
java.util.concurrent.ConcurrentHashMap$HashEntry 
 - klass: 'java/util/concurrent/ConcurrentHashMap$HashEntry'
R10=0x00000000f8250a98 is an unknown value
R11=0x00000000000000c0 is an unknown value
R12=0x0000000000000000 is an unknown value
R13=0x00000000000002a3 is an unknown value
R14=0x00000000f8730c29 is an unknown value
R15=0x00007f830e8c0800 is a thread


Stack: [0x0000000118f11000,0x0000000119011000],  sp=0x000000011900d980,  free space=1010k
Native frames: (J=compiled Java code, j=interpreted, Vv=VM code, C=native code)
J 1918 C2 java.util.concurrent.ConcurrentHashMap$Segment.put(Ljava/lang/Object;ILjava/lang/Object;Z)Ljava/lang/Object; (237 bytes) @ 0x000000010de02730 [0x000000010de023c0+0x370]
J 283 C2 java.lang.ClassLoader.loadClass(Ljava/lang/String;Z)Ljava/lang/Class; (122 bytes) @ 0x000000010d962720 [0x000000010d9624e0+0x240]
J 992 C2 java.lang.ClassLoader.loadClass(Ljava/lang/String;)Ljava/lang/Class; (7 bytes) @ 0x000000010dacf3e0 [0x000000010dacf3a0+0x40]
j  org.gradle.internal.classloader.FilteringClassLoader.loadClass(Ljava/lang/String;Z)Ljava/lang/Class;+4
J 283 C2 java.lang.ClassLoader.loadClass(Ljava/lang/String;Z)Ljava/lang/Class; (122 bytes) @ 0x000000010d962928 [0x000000010d9624e0+0x448]
J 3224 C2 org.gradle.internal.classloader.CachingClassLoader.loadClass(Ljava/lang/String;Z)Ljava/lang/Class; (85 bytes) @ 0x000000010de78830 [0x000000010de785e0+0x250]
J 283 C2 java.lang.ClassLoader.loadClass(Ljava/lang/String;Z)Ljava/lang/Class; (122 bytes) @ 0x000000010d962928 [0x000000010d9624e0+0x448]
j  groovy.lang.GroovyClassLoader.loadClass(Ljava/lang/String;ZZZ)Ljava/lang/Class;+30
J 3338 C2 org.gradle.groovy.scripts.internal.DefaultScriptCompilationHandler$ShortcutClassNodeResolver.findClassNode(Ljava/lang/String;Lorg/codehaus/groovy/control/CompilationUnit;)Lorg/codehaus/groovy/control/ClassNodeResolver$LookupResult; (125 bytes) @ 0x000000010d829238 [0x000000010d828e80+0x3b8]
J 1436 C2 org.codehaus.groovy.control.ClassNodeResolver.resolveName(Ljava/lang/String;Lorg/codehaus/groovy/control/CompilationUnit;)Lorg/codehaus/groovy/control/ClassNodeResolver$LookupResult; (73 bytes) @ 0x000000010db0ba88 [0x000000010db0ba00+0x88]
J 622 C2 org.codehaus.groovy.control.ResolveVisitor.resolveFromModule(Lorg/codehaus/groovy/ast/ClassNode;Z)Z (538 bytes) @ 0x000000010da912e8 [0x000000010da8f680+0x1c68]
J 1651 C2 org.codehaus.groovy.control.ResolveVisitor.resolve(Lorg/codehaus/groovy/ast/ClassNode;ZZZ)Z (229 bytes) @ 0x000000010dd46088 [0x000000010dd45a60+0x628]
j  org.codehaus.groovy.control.ResolveVisitor.resolve(Lorg/codehaus/groovy/ast/ClassNode;)Z+5
j  org.codehaus.groovy.control.ResolveVisitor.resolveOrFail(Lorg/codehaus/groovy/ast/ClassNode;Ljava/lang/String;Lorg/codehaus/groovy/ast/ASTNode;)V+2
j  org.codehaus.groovy.control.ResolveVisitor.visitAnnotations(Lorg/codehaus/groovy/ast/AnnotatedNode;)V+79
j  org.codehaus.groovy.ast.ClassCodeVisitorSupport.visitConstructorOrMethod(Lorg/codehaus/groovy/ast/MethodNode;Z)V+2
j  org.codehaus.groovy.ast.ClassCodeExpressionTransformer.visitConstructorOrMethod(Lorg/codehaus/groovy/ast/MethodNode;Z)V+60
j  org.codehaus.groovy.control.ResolveVisitor.visitConstructorOrMethod(Lorg/codehaus/groovy/ast/MethodNode;Z)V+182
j  org.codehaus.groovy.ast.ClassCodeVisitorSupport.visitConstructor(Lorg/codehaus/groovy/ast/ConstructorNode;)V+3
j  org.codehaus.groovy.ast.ClassNode.visitContents(Lorg/codehaus/groovy/ast/GroovyClassVisitor;)V+109
j  org.codehaus.groovy.ast.ClassCodeVisitorSupport.visitClass(Lorg/codehaus/groovy/ast/ClassNode;)V+23
j  org.codehaus.groovy.control.ResolveVisitor.visitClass(Lorg/codehaus/groovy/ast/ClassNode;)V+615
j  org.codehaus.groovy.control.ResolveVisitor.startResolving(Lorg/codehaus/groovy/ast/ClassNode;Lorg/codehaus/groovy/control/SourceUnit;)V+7
j  org.codehaus.groovy.control.CompilationUnit$11.call(Lorg/codehaus/groovy/control/SourceUnit;)V+79
j  org.codehaus.groovy.control.CompilationUnit.applyToSourceUnits(Lorg/codehaus/groovy/control/CompilationUnit$SourceUnitOperation;)V+79
j  org.codehaus.groovy.control.CompilationUnit.doPhaseOperation(Ljava/lang/Object;)V+30
j  org.codehaus.groovy.control.CompilationUnit.compile(I)V+42
j  groovy.lang.GroovyClassLoader.doParseClass(Lgroovy/lang/GroovyCodeSource;)Ljava/lang/Class;+164
j  groovy.lang.GroovyClassLoader.parseClass(Lgroovy/lang/GroovyCodeSource;Z)Ljava/lang/Class;+37
j  org.gradle.groovy.scripts.internal.DefaultScriptCompilationHandler.compileScript(Lorg/gradle/groovy/scripts/ScriptSource;Ljava/lang/ClassLoader;Lorg/codehaus/groovy/control/CompilerConfiguration;Ljava/io/File;Ljava/io/File;Lorg/gradle/groovy/scripts/internal/CompileOperation;Lorg/gradle/api/Action;)V+154
j  org.gradle.groovy.scripts.internal.DefaultScriptCompilationHandler.compileToDir(Lorg/gradle/groovy/scripts/ScriptSource;Ljava/lang/ClassLoader;Ljava/io/File;Ljava/io/File;Lorg/gradle/groovy/scripts/internal/CompileOperation;Ljava/lang/Class;Lorg/gradle/api/Action;)V+43
j  org.gradle.groovy.scripts.internal.FileCacheBackedScriptClassCompiler$CacheInitializer.execute(Lorg/gradle/cache/PersistentCache;)V+47
j  org.gradle.groovy.scripts.internal.FileCacheBackedScriptClassCompiler$CacheInitializer.execute(Ljava/lang/Object;)V+5
j  org.gradle.groovy.scripts.internal.FileCacheBackedScriptClassCompiler$ProgressReportingInitializer.execute(Lorg/gradle/cache/PersistentCache;)V+27
j  org.gradle.groovy.scripts.internal.FileCacheBackedScriptClassCompiler$ProgressReportingInitializer.execute(Ljava/lang/Object;)V+5
j  org.gradle.cache.internal.DefaultPersistentDirectoryCache$Initializer.initialize(Lorg/gradle/cache/internal/FileLock;)V+90
j  org.gradle.cache.internal.DefaultCacheAccess$2.run()V+14
j  org.gradle.cache.internal.DefaultFileLockManager$DefaultFileLock.doWriteAction(Ljava/lang/Runnable;)V+36
j  org.gradle.cache.internal.DefaultFileLockManager$DefaultFileLock.writeFile(Ljava/lang/Runnable;)V+6
j  org.gradle.cache.internal.DefaultCacheAccess.open(Lorg/gradle/cache/internal/filelock/LockOptions;)V+263
j  org.gradle.cache.internal.DefaultPersistentDirectoryStore.open()Lorg/gradle/cache/internal/DefaultPersistentDirectoryStore;+23
j  org.gradle.cache.internal.DefaultPersistentDirectoryStore.open()Lorg/gradle/cache/internal/ReferencablePersistentCache;+1
j  org.gradle.cache.internal.DefaultCacheFactory.doOpen(Ljava/io/File;Ljava/lang/String;Lorg/gradle/cache/CacheValidator;Ljava/util/Map;Lorg/gradle/cache/internal/filelock/LockOptions;Lorg/gradle/api/Action;)Lorg/gradle/cache/PersistentCache;+52
j  org.gradle.cache.internal.DefaultCacheFactory.open(Ljava/io/File;Ljava/lang/String;Lorg/gradle/cache/CacheValidator;Ljava/util/Map;Lorg/gradle/cache/internal/filelock/LockOptions;Lorg/gradle/api/Action;)Lorg/gradle/cache/PersistentCache;+19
j  org.gradle.cache.internal.DefaultCacheRepository$PersistentCacheBuilder.doOpen(Ljava/io/File;Ljava/util/Map;Lorg/gradle/cache/CacheValidator;)Lorg/gradle/cache/PersistentCache;+22
j  org.gradle.cache.internal.DefaultCacheRepository$AbstractCacheBuilder.open()Lorg/gradle/cache/PersistentCache;+50
j  org.gradle.groovy.scripts.internal.FileCacheBackedScriptClassCompiler.compile(Lorg/gradle/groovy/scripts/ScriptSource;Ljava/lang/ClassLoader;Lorg/gradle/api/internal/initialization/loadercache/ClassLoaderId;Lorg/gradle/groovy/scripts/internal/CompileOperation;Ljava/lang/Class;Lorg/gradle/api/Action;)Lorg/gradle/groovy/scripts/internal/CompiledScript;+170
j  org.gradle.groovy.scripts.internal.ShortCircuitEmptyScriptCompiler.compile(Lorg/gradle/groovy/scripts/ScriptSource;Ljava/lang/ClassLoader;Lorg/gradle/api/internal/initialization/loadercache/ClassLoaderId;Lorg/gradle/groovy/scripts/internal/CompileOperation;Ljava/lang/Class;Lorg/gradle/api/Action;)Lorg/gradle/groovy/scripts/internal/CompiledScript;+53
j  org.gradle.groovy.scripts.internal.CachingScriptClassCompiler.compile(Lorg/gradle/groovy/scripts/ScriptSource;Ljava/lang/ClassLoader;Lorg/gradle/api/internal/initialization/loadercache/ClassLoaderId;Lorg/gradle/groovy/scripts/internal/CompileOperation;Ljava/lang/Class;Lorg/gradle/api/Action;)Lorg/gradle/groovy/scripts/internal/CompiledScript;+60
j  org.gradle.groovy.scripts.DefaultScriptCompilerFactory$ScriptCompilerImpl.compile(Ljava/lang/Class;Lorg/gradle/groovy/scripts/internal/CompileOperation;Ljava/lang/ClassLoader;Lorg/gradle/api/Action;)Lorg/gradle/groovy/scripts/ScriptRunner;+38
j  org.gradle.configuration.DefaultScriptPluginFactory$ScriptPluginImpl.apply(Ljava/lang/Object;)V+420
j  org.gradle.configuration.DefaultInitScriptProcessor.process(Lorg/gradle/groovy/scripts/ScriptSource;Lorg/gradle/api/internal/GradleInternal;)V+113
j  org.gradle.initialization.InitScriptHandler$1.run()V+50
j  org.gradle.internal.Factories$1.create()Ljava/lang/Object;+4
j  org.gradle.internal.progress.DefaultBuildOperationExecutor.run(Lorg/gradle/internal/progress/BuildOperationDetails;Lorg/gradle/internal/Factory;)Ljava/lang/Object;+171
j  org.gradle.internal.progress.DefaultBuildOperationExecutor.run(Lorg/gradle/internal/progress/BuildOperationDetails;Ljava/lang/Runnable;)V+6
j  org.gradle.initialization.InitScriptHandler.executeScripts(Lorg/gradle/api/internal/GradleInternal;)V+49
j  org.gradle.initialization.DefaultGradleLauncher.doBuildStages(Lorg/gradle/initialization/DefaultGradleLauncher$Stage;)V+8
j  org.gradle.initialization.DefaultGradleLauncher.access$200(Lorg/gradle/initialization/DefaultGradleLauncher;Lorg/gradle/initialization/DefaultGradleLauncher$Stage;)V+2
j  org.gradle.initialization.DefaultGradleLauncher$1.create()Lorg/gradle/BuildResult;+29
j  org.gradle.initialization.DefaultGradleLauncher$1.create()Ljava/lang/Object;+1
j  org.gradle.internal.progress.DefaultBuildOperationExecutor.run(Lorg/gradle/internal/progress/BuildOperationDetails;Lorg/gradle/internal/Factory;)Ljava/lang/Object;+171
j  org.gradle.internal.progress.DefaultBuildOperationExecutor.run(Ljava/lang/String;Lorg/gradle/internal/Factory;)Ljava/lang/Object;+9
j  org.gradle.initialization.DefaultGradleLauncher.doBuild(Lorg/gradle/initialization/DefaultGradleLauncher$Stage;)Lorg/gradle/BuildResult;+25
j  org.gradle.initialization.DefaultGradleLauncher.getBuildAnalysis()Lorg/gradle/BuildResult;+4
j  org.gradle.launcher.exec.InProcessBuildActionExecuter$DefaultBuildController.configure()Lorg/gradle/api/internal/GradleInternal;+4
j  org.gradle.tooling.internal.provider.runner.ClientProvidedBuildActionRunner.run(Lorg/gradle/internal/invocation/BuildAction;Lorg/gradle/internal/invocation/BuildController;)V+56
j  org.gradle.launcher.exec.ChainingBuildActionRunner.run(Lorg/gradle/internal/invocation/BuildAction;Lorg/gradle/internal/invocation/BuildController;)V+34
j  org.gradle.tooling.internal.provider.runner.SubscribableBuildActionRunner.run(Lorg/gradle/internal/invocation/BuildAction;Lorg/gradle/internal/invocation/BuildController;)V+37
j  org.gradle.launcher.exec.ChainingBuildActionRunner.run(Lorg/gradle/internal/invocation/BuildAction;Lorg/gradle/internal/invocation/BuildController;)V+34
j  org.gradle.launcher.exec.InProcessBuildActionExecuter.execute(Lorg/gradle/internal/invocation/BuildAction;Lorg/gradle/initialization/BuildRequestContext;Lorg/gradle/launcher/exec/BuildActionParameters;Lorg/gradle/internal/service/ServiceRegistry;)Ljava/lang/Object;+63
j  org.gradle.launcher.exec.InProcessBuildActionExecuter.execute(Lorg/gradle/internal/invocation/BuildAction;Lorg/gradle/initialization/BuildRequestContext;Ljava/lang/Object;Lorg/gradle/internal/service/ServiceRegistry;)Ljava/lang/Object;+9
j  org.gradle.launcher.exec.ContinuousBuildActionExecuter.execute(Lorg/gradle/internal/invocation/BuildAction;Lorg/gradle/initialization/BuildRequestContext;Lorg/gradle/launcher/exec/BuildActionParameters;Lorg/gradle/internal/service/ServiceRegistry;)Ljava/lang/Object;+70
j  org.gradle.launcher.exec.ContinuousBuildActionExecuter.execute(Lorg/gradle/internal/invocation/BuildAction;Lorg/gradle/initialization/BuildRequestContext;Ljava/lang/Object;Lorg/gradle/internal/service/ServiceRegistry;)Ljava/lang/Object;+9
j  org.gradle.launcher.daemon.server.exec.ExecuteBuild.doBuild(Lorg/gradle/launcher/daemon/server/api/DaemonCommandExecution;Lorg/gradle/launcher/daemon/protocol/Build;)V+74
j  org.gradle.launcher.daemon.server.exec.BuildCommandOnly.execute(Lorg/gradle/launcher/daemon/server/api/DaemonCommandExecution;)V+49
j  org.gradle.launcher.daemon.server.api.DaemonCommandExecution.proceed()Z+28
j  org.gradle.launcher.daemon.server.exec.WatchForDisconnection.execute(Lorg/gradle/launcher/daemon/server/api/DaemonCommandExecution;)V+19
j  org.gradle.launcher.daemon.server.api.DaemonCommandExecution.proceed()Z+28
j  org.gradle.launcher.daemon.server.exec.ResetDeprecationLogger.execute(Lorg/gradle/launcher/daemon/server/api/DaemonCommandExecution;)V+4
j  org.gradle.launcher.daemon.server.api.DaemonCommandExecution.proceed()Z+28
j  org.gradle.launcher.daemon.server.exec.RequestStopIfSingleUsedDaemon.execute(Lorg/gradle/launcher/daemon/server/api/DaemonCommandExecution;)V+31
j  org.gradle.launcher.daemon.server.api.DaemonCommandExecution.proceed()Z+28
j  org.gradle.launcher.daemon.server.exec.ForwardClientInput$2.call()Ljava/lang/Void;+4
j  org.gradle.launcher.daemon.server.exec.ForwardClientInput$2.call()Ljava/lang/Object;+1
j  org.gradle.util.Swapper.swap(Ljava/lang/Object;Ljava/util/concurrent/Callable;)Ljava/lang/Object;+21
j  org.gradle.launcher.daemon.server.exec.ForwardClientInput.execute(Lorg/gradle/launcher/daemon/server/api/DaemonCommandExecution;)V+63
j  org.gradle.launcher.daemon.server.api.DaemonCommandExecution.proceed()Z+28
j  org.gradle.launcher.daemon.server.health.DaemonHealthTracker.execute(Lorg/gradle/launcher/daemon/server/api/DaemonCommandExecution;)V+35
j  org.gradle.launcher.daemon.server.api.DaemonCommandExecution.proceed()Z+28
j  org.gradle.launcher.daemon.server.exec.LogToClient.doBuild(Lorg/gradle/launcher/daemon/server/api/DaemonCommandExecution;Lorg/gradle/launcher/daemon/protocol/Build;)V+106
j  org.gradle.launcher.daemon.server.exec.BuildCommandOnly.execute(Lorg/gradle/launcher/daemon/server/api/DaemonCommandExecution;)V+49
j  org.gradle.launcher.daemon.server.api.DaemonCommandExecution.proceed()Z+28
j  org.gradle.launcher.daemon.server.exec.EstablishBuildEnvironment.doBuild(Lorg/gradle/launcher/daemon/server/api/DaemonCommandExecution;Lorg/gradle/launcher/daemon/protocol/Build;)V+243
j  org.gradle.launcher.daemon.server.exec.BuildCommandOnly.execute(Lorg/gradle/launcher/daemon/server/api/DaemonCommandExecution;)V+49
j  org.gradle.launcher.daemon.server.api.DaemonCommandExecution.proceed()Z+28
j  org.gradle.launcher.daemon.server.health.HintGCAfterBuild.execute(Lorg/gradle/launcher/daemon/server/api/DaemonCommandExecution;)V+1
j  org.gradle.launcher.daemon.server.api.DaemonCommandExecution.proceed()Z+28
j  org.gradle.launcher.daemon.server.exec.StartBuildOrRespondWithBusy$1.run()V+44
j  org.gradle.launcher.daemon.server.DaemonStateCoordinator$1.run()V+4
...<more frames>...


---------------  P R O C E S S  ---------------

Java Threads: ( => current thread )
  0x00007f8309067800 JavaThread "Stdin handler" [_thread_blocked, id=90379, stack(0x00000001191d3000,0x00000001192d3000)]
=>0x00007f830e8c0800 JavaThread "Daemon worker Thread 4" [_thread_in_Java, id=76819, stack(0x0000000118f11000,0x0000000119011000)]
  0x00007f830e8bf800 JavaThread "Cancel handler" [_thread_blocked, id=33911, stack(0x0000000118931000,0x0000000118a31000)]
  0x00007f830e8bf000 JavaThread "Handler for socket connection from /127.0.0.1:62862 to /127.0.0.1:64416" [_thread_in_native, id=22719, stack(0x000000011882e000,0x000000011892e000)]
  0x00007f830e8be000 JavaThread "Daemon Thread 4" [_thread_blocked, id=87307, stack(0x0000000118554000,0x0000000118654000)]
  0x00007f83082da000 JavaThread "Java2D Disposer" daemon [_thread_blocked, id=76055, stack(0x0000000121a28000,0x0000000121b28000)]
  0x00007f8303edb800 JavaThread "Java2D Queue Flusher" daemon [_thread_blocked, id=73991, stack(0x0000000120425000,0x0000000120525000)]
  0x00007f83080a9800 JavaThread "AWT-AppKit" daemon [_thread_in_native, id=1299, stack(0x00007fff5d75b000,0x00007fff5d7db000)]
  0x00007f8305ab1000 JavaThread "File lock request listener" [_thread_in_native, id=23555, stack(0x0000000118ace000,0x0000000118bce000)]
  0x00007f83040bf000 JavaThread "Incoming local TCP Connector on port 62862" [_thread_in_native, id=20483, stack(0x0000000118451000,0x0000000118551000)]
  0x00007f8306832000 JavaThread "Service Thread" daemon [_thread_blocked, id=19459, stack(0x0000000117d34000,0x0000000117e34000)]
  0x00007f8306831000 JavaThread "C2 CompilerThread1" daemon [_thread_blocked, id=18947, stack(0x0000000117c31000,0x0000000117d31000)]
  0x00007f8305823800 JavaThread "C2 CompilerThread0" daemon [_thread_blocked, id=18435, stack(0x0000000117b2e000,0x0000000117c2e000)]
  0x00007f8305822800 JavaThread "Signal Dispatcher" daemon [_thread_blocked, id=16407, stack(0x0000000117a2b000,0x0000000117b2b000)]
  0x00007f830382c800 JavaThread "Finalizer" daemon [_thread_blocked, id=13571, stack(0x0000000115fb3000,0x00000001160b3000)]
  0x00007f830382c000 JavaThread "Reference Handler" daemon [_thread_blocked, id=13059, stack(0x0000000115eb0000,0x0000000115fb0000)]
  0x00007f8303809800 JavaThread "main" [_thread_blocked, id=4867, stack(0x000000010d664000,0x000000010d764000)]

Other Threads:
  0x00007f830382b000 VMThread [stack: 0x0000000115dad000,0x0000000115ead000] [id=12547]
  0x00007f8304008000 WatcherThread [stack: 0x0000000117e37000,0x0000000117f37000] [id=19971]

VM state:not at safepoint (normal execution)

VM Mutex/Monitor currently owned by a thread: None

Heap
 PSYoungGen      total 218112K, used 27170K [0x00000007eaa80000, 0x00000007fb480000, 0x0000000800000000)
  eden space 215040K, 11% used [0x00000007eaa80000,0x00000007ec244a90,0x00000007f7c80000)
  from space 3072K, 92% used [0x00000007f8480000,0x00000007f8744020,0x00000007f8780000)
  to   space 28672K, 0% used [0x00000007f9880000,0x00000007f9880000,0x00000007fb480000)
 ParOldGen       total 174592K, used 75745K [0x00000007c0000000, 0x00000007caa80000, 0x00000007eaa80000)
  object space 174592K, 43% used [0x00000007c0000000,0x00000007c49f84a8,0x00000007caa80000)
 PSPermGen       total 100352K, used 61719K [0x00000007b0000000, 0x00000007b6200000, 0x00000007c0000000)
  object space 100352K, 61% used [0x00000007b0000000,0x00000007b3c45e38,0x00000007b6200000)

Card table byte_map: [0x0000000110826000,0x0000000110aa7000] byte_map_base: 0x000000010caa6000

Polling page: 0x0000000102832000

Code Cache  [0x000000010d766000, 0x000000010e326000, 0x0000000110766000)
 total_blobs=3794 nmethods=3031 adapters=715 free_code_cache=37759Kb largest_free_block=38016256

Compilation events (10 events):
Event: 7411.048 Thread 0x00007f8305823800 3334 %           org.gradle.groovy.scripts.internal.DefaultScriptCompilationHandler$ShortcutClassNodeResolver::findClassNode @ 70 (125 bytes)
Event: 7411.052 Thread 0x00007f8306831000 3335             java.lang.Character::getType (9 bytes)
Event: 7411.053 Thread 0x00007f8306831000 nmethod 3335 0x000000010e1ec010 code [0x000000010e1ec180, 0x000000010e1ec2d8]
Event: 7411.054 Thread 0x00007f8306831000 3336             java.lang.Character::isLowerCase (5 bytes)
Event: 7411.055 Thread 0x00007f8306831000 nmethod 3336 0x000000010d93ecd0 code [0x000000010d93ee20, 0x000000010d93ef78]
Event: 7411.058 Thread 0x00007f8306831000 3337             java.lang.Character::isLowerCase (25 bytes)
Event: 7411.058 Thread 0x00007f8305823800 nmethod 3334% 0x000000010e069d50 code [0x000000010e069f60, 0x000000010e06a760]
Event: 7411.059 Thread 0x00007f8305823800 3338             org.gradle.groovy.scripts.internal.DefaultScriptCompilationHandler$ShortcutClassNodeResolver::findClassNode (125 bytes)
Event: 7411.060 Thread 0x00007f8306831000 nmethod 3337 0x000000010e230410 code [0x000000010e2305a0, 0x000000010e230858]
Event: 7411.077 Thread 0x00007f8305823800 nmethod 3338 0x000000010d828c50 code [0x000000010d828e80, 0x000000010d829cb0]

GC Heap History (10 events):
Event: 807.555 GC heap before
{Heap before GC invocations=16 (full 3):
 PSYoungGen      total 259584K, used 8555K [0x00000007eaa80000, 0x00000007fdb80000, 0x0000000800000000)
  eden space 250880K, 0% used [0x00000007eaa80000,0x00000007eaa80000,0x00000007f9f80000)
  from space 8704K, 98% used [0x00000007f9f80000,0x00000007fa7dad00,0x00000007fa800000)
  to   space 30720K, 0% used [0x00000007fbd80000,0x00000007fbd80000,0x00000007fdb80000)
 ParOldGen       total 174592K, used 51689K [0x00000007c0000000, 0x00000007caa80000, 0x00000007eaa80000)
  object space 174592K, 29% used [0x00000007c0000000,0x00000007c327a418,0x00000007caa80000)
 PSPermGen       total 99840K, used 50699K [0x00000007b0000000, 0x00000007b6180000, 0x00000007c0000000)
  object space 99840K, 50% used [0x00000007b0000000,0x00000007b3182fd8,0x00000007b6180000)
Event: 808.047 GC heap after
Heap after GC invocations=16 (full 3):
 PSYoungGen      total 259584K, used 0K [0x00000007eaa80000, 0x00000007fdb80000, 0x0000000800000000)
  eden space 250880K, 0% used [0x00000007eaa80000,0x00000007eaa80000,0x00000007f9f80000)
  from space 8704K, 0% used [0x00000007f9f80000,0x00000007f9f80000,0x00000007fa800000)
  to   space 30720K, 0% used [0x00000007fbd80000,0x00000007fbd80000,0x00000007fdb80000)
 ParOldGen       total 174592K, used 58885K [0x00000007c0000000, 0x00000007caa80000, 0x00000007eaa80000)
  object space 174592K, 33% used [0x00000007c0000000,0x00000007c3981778,0x00000007caa80000)
 PSPermGen       total 100352K, used 50596K [0x00000007b0000000, 0x00000007b6200000, 0x00000007c0000000)
  object space 100352K, 50% used [0x00000007b0000000,0x00000007b31690d8,0x00000007b6200000)
}
Event: 816.379 GC heap before
{Heap before GC invocations=17 (full 3):
 PSYoungGen      total 259584K, used 250880K [0x00000007eaa80000, 0x00000007fdb80000, 0x0000000800000000)
  eden space 250880K, 100% used [0x00000007eaa80000,0x00000007f9f80000,0x00000007f9f80000)
  from space 8704K, 0% used [0x00000007f9f80000,0x00000007f9f80000,0x00000007fa800000)
  to   space 30720K, 0% used [0x00000007fbd80000,0x00000007fbd80000,0x00000007fdb80000)
 ParOldGen       total 174592K, used 58885K [0x00000007c0000000, 0x00000007caa80000, 0x00000007eaa80000)
  object space 174592K, 33% used [0x00000007c0000000,0x00000007c3981778,0x00000007caa80000)
 PSPermGen       total 100352K, used 54623K [0x00000007b0000000, 0x00000007b6200000, 0x00000007c0000000)
  object space 100352K, 54% used [0x00000007b0000000,0x00000007b3557f80,0x00000007b6200000)
Event: 816.391 GC heap after
Heap after GC invocations=17 (full 3):
 PSYoungGen      total 259072K, used 14807K [0x00000007eaa80000, 0x00000007fcf00000, 0x0000000800000000)
  eden space 241152K, 0% used [0x00000007eaa80000,0x00000007eaa80000,0x00000007f9600000)
  from space 17920K, 82% used [0x00000007fbd80000,0x00000007fcbf5d58,0x00000007fcf00000)
  to   space 29184K, 0% used [0x00000007f9600000,0x00000007f9600000,0x00000007fb280000)
 ParOldGen       total 174592K, used 58893K [0x00000007c0000000, 0x00000007caa80000, 0x00000007eaa80000)
  object space 174592K, 33% used [0x00000007c0000000,0x00000007c3983778,0x00000007caa80000)
 PSPermGen       total 100352K, used 54623K [0x00000007b0000000, 0x00000007b6200000, 0x00000007c0000000)
  object space 100352K, 54% used [0x00000007b0000000,0x00000007b3557f80,0x00000007b6200000)
}
Event: 819.842 GC heap before
{Heap before GC invocations=18 (full 3):
 PSYoungGen      total 259072K, used 255959K [0x00000007eaa80000, 0x00000007fcf00000, 0x0000000800000000)
  eden space 241152K, 100% used [0x00000007eaa80000,0x00000007f9600000,0x00000007f9600000)
  from space 17920K, 82% used [0x00000007fbd80000,0x00000007fcbf5d58,0x00000007fcf00000)
  to   space 29184K, 0% used [0x00000007f9600000,0x00000007f9600000,0x00000007fb280000)
 ParOldGen       total 174592K, used 58893K [0x00000007c0000000, 0x00000007caa80000, 0x00000007eaa80000)
  object space 174592K, 33% used [0x00000007c0000000,0x00000007c3983778,0x00000007caa80000)
 PSPermGen       total 100352K, used 55020K [0x00000007b0000000, 0x00000007b6200000, 0x00000007c0000000)
  object space 100352K, 54% used [0x00000007b0000000,0x00000007b35bb000,0x00000007b6200000)
Event: 819.862 GC heap after
Heap after GC invocations=18 (full 3):
 PSYoungGen      total 249856K, used 17611K [0x00000007eaa80000, 0x00000007fc700000, 0x0000000800000000)
  eden space 231936K, 0% used [0x00000007eaa80000,0x00000007eaa80000,0x00000007f8d00000)
  from space 17920K, 98% used [0x00000007f9600000,0x00000007fa732d88,0x00000007fa780000)
  to   space 29696K, 0% used [0x00000007faa00000,0x00000007faa00000,0x00000007fc700000)
 ParOldGen       total 174592K, used 71197K [0x00000007c0000000, 0x00000007caa80000, 0x00000007eaa80000)
  object space 174592K, 40% used [0x00000007c0000000,0x00000007c45874d8,0x00000007caa80000)
 PSPermGen       total 100352K, used 55020K [0x00000007b0000000, 0x00000007b6200000, 0x00000007c0000000)
  object space 100352K, 54% used [0x00000007b0000000,0x00000007b35bb000,0x00000007b6200000)
}
Event: 826.292 GC heap before
{Heap before GC invocations=19 (full 3):
 PSYoungGen      total 249856K, used 249547K [0x00000007eaa80000, 0x00000007fc700000, 0x0000000800000000)
  eden space 231936K, 100% used [0x00000007eaa80000,0x00000007f8d00000,0x00000007f8d00000)
  from space 17920K, 98% used [0x00000007f9600000,0x00000007fa732d88,0x00000007fa780000)
  to   space 29696K, 0% used [0x00000007faa00000,0x00000007faa00000,0x00000007fc700000)
 ParOldGen       total 174592K, used 71197K [0x00000007c0000000, 0x00000007caa80000, 0x00000007eaa80000)
  object space 174592K, 40% used [0x00000007c0000000,0x00000007c45874d8,0x00000007caa80000)
 PSPermGen       total 100352K, used 61678K [0x00000007b0000000, 0x00000007b6200000, 0x00000007c0000000)
  object space 100352K, 61% used [0x00000007b0000000,0x00000007b3c3ba88,0x00000007b6200000)
Event: 826.303 GC heap after
Heap after GC invocations=19 (full 3):
 PSYoungGen      total 242176K, used 9852K [0x00000007eaa80000, 0x00000007fbc80000, 0x0000000800000000)
  eden space 223232K, 0% used [0x00000007eaa80000,0x00000007eaa80000,0x00000007f8480000)
  from space 18944K, 52% used [0x00000007faa00000,0x00000007fb39f168,0x00000007fbc80000)
  to   space 28672K, 0% used [0x00000007f8480000,0x00000007f8480000,0x00000007fa080000)
 ParOldGen       total 174592K, used 73125K [0x00000007c0000000, 0x00000007caa80000, 0x00000007eaa80000)
  object space 174592K, 41% used [0x00000007c0000000,0x00000007c47696b8,0x00000007caa80000)
 PSPermGen       total 100352K, used 61678K [0x00000007b0000000, 0x00000007b6200000, 0x00000007c0000000)
  object space 100352K, 61% used [0x00000007b0000000,0x00000007b3c3ba88,0x00000007b6200000)
}
Event: 7411.114 GC heap before
{Heap before GC invocations=20 (full 3):
 PSYoungGen      total 242176K, used 233084K [0x00000007eaa80000, 0x00000007fbc80000, 0x0000000800000000)
  eden space 223232K, 100% used [0x00000007eaa80000,0x00000007f8480000,0x00000007f8480000)
  from space 18944K, 52% used [0x00000007faa00000,0x00000007fb39f168,0x00000007fbc80000)
  to   space 28672K, 0% used [0x00000007f8480000,0x00000007f8480000,0x00000007fa080000)
 ParOldGen       total 174592K, used 73125K [0x00000007c0000000, 0x00000007caa80000, 0x00000007eaa80000)
  object space 174592K, 41% used [0x00000007c0000000,0x00000007c47696b8,0x00000007caa80000)
 PSPermGen       total 100352K, used 61719K [0x00000007b0000000, 0x00000007b6200000, 0x00000007c0000000)
  object space 100352K, 61% used [0x00000007b0000000,0x00000007b3c45e38,0x00000007b6200000)
Event: 7411.123 GC heap after
Heap after GC invocations=20 (full 3):
 PSYoungGen      total 218112K, used 2832K [0x00000007eaa80000, 0x00000007fb480000, 0x0000000800000000)
  eden space 215040K, 0% used [0x00000007eaa80000,0x00000007eaa80000,0x00000007f7c80000)
  from space 3072K, 92% used [0x00000007f8480000,0x00000007f8744020,0x00000007f8780000)
  to   space 28672K, 0% used [0x00000007f9880000,0x00000007f9880000,0x00000007fb480000)
 ParOldGen       total 174592K, used 75745K [0x00000007c0000000, 0x00000007caa80000, 0x00000007eaa80000)
  object space 174592K, 43% used [0x00000007c0000000,0x00000007c49f84a8,0x00000007caa80000)
 PSPermGen       total 100352K, used 61719K [0x00000007b0000000, 0x00000007b6200000, 0x00000007c0000000)
  object space 100352K, 61% used [0x00000007b0000000,0x00000007b3c45e38,0x00000007b6200000)
}

Deoptimization events (10 events):
Event: 7410.791 Thread 0x00007f830e8c0800 Uncommon trap: reason=class_check action=maybe_recompile pc=0x000000010de42d5c method=com.google.common.base.Equivalence$Equals.doEquivalent(Ljava/lang/Object;Ljava/lang/Object;)Z @ 2
Event: 7410.791 Thread 0x00007f830e8c0800 Uncommon trap: reason=class_check action=maybe_recompile pc=0x000000010e1e9f04 method=com.google.common.cache.LocalCache.getIfPresent(Ljava/lang/Object;)Ljava/lang/Object; @ 42
Event: 7410.791 Thread 0x00007f830e8c0800 Uncommon trap: reason=class_check action=maybe_recompile pc=0x000000010e2fc4a0 method=com.google.common.cache.LocalCache$Segment.getFirst(I)Lcom/google/common/cache/LocalCache$ReferenceEntry; @ 17
Event: 7410.791 Thread 0x00007f830e8c0800 Uncommon trap: reason=class_check action=maybe_recompile pc=0x000000010dea95b0 method=com.google.common.cache.LocalCache$Segment.getFirst(I)Lcom/google/common/cache/LocalCache$ReferenceEntry; @ 17
Event: 7410.914 Thread 0x00007f830e8c0800 Uncommon trap: reason=class_check action=maybe_recompile pc=0x000000010e02a7f0 method=org.gradle.api.internal.changedetection.state.CachingFileSnapshotter.snapshot(Ljava/io/File;)Lorg/gradle/api/internal/changedetection/state/CachingFileSnapshotter$FileIn
Event: 7410.915 Thread 0x00007f830e8c0800 Uncommon trap: reason=class_check action=maybe_recompile pc=0x000000010e02a7f0 method=org.gradle.api.internal.changedetection.state.CachingFileSnapshotter.snapshot(Ljava/io/File;)Lorg/gradle/api/internal/changedetection/state/CachingFileSnapshotter$FileIn
Event: 7410.915 Thread 0x00007f830e8c0800 Uncommon trap: reason=class_check action=maybe_recompile pc=0x000000010e02a7f0 method=org.gradle.api.internal.changedetection.state.CachingFileSnapshotter.snapshot(Ljava/io/File;)Lorg/gradle/api/internal/changedetection/state/CachingFileSnapshotter$FileIn
Event: 7410.916 Thread 0x00007f830e8c0800 Uncommon trap: reason=class_check action=maybe_recompile pc=0x000000010e02a7f0 method=org.gradle.api.internal.changedetection.state.CachingFileSnapshotter.snapshot(Ljava/io/File;)Lorg/gradle/api/internal/changedetection/state/CachingFileSnapshotter$FileIn
Event: 7410.916 Thread 0x00007f830e8c0800 Uncommon trap: reason=class_check action=maybe_recompile pc=0x000000010dcd3b20 method=org.gradle.api.internal.changedetection.state.CachingFileSnapshotter.snapshot(Ljava/io/File;)Lorg/gradle/api/internal/changedetection/state/CachingFileSnapshotter$FileIn
Event: 7410.918 Thread 0x00007f830e8c0800 Uncommon trap: reason=predicate action=maybe_recompile pc=0x000000010e2912e8 method=java.util.TimSort.reverseRange([Ljava/lang/Object;II)V @ 8

Internal exceptions (10 events):
Event: 7411.157 Thread 0x00007f830e8c0800 Threw 0x00000007ec155b98 at /HUDSON/workspace/7u-2-build-macosx-x86_64/jdk7u79/2331/hotspot/src/share/vm/prims/jvm.cpp:1304
Event: 7411.157 Thread 0x00007f830e8c0800 Threw 0x00000007ec161288 at /HUDSON/workspace/7u-2-build-macosx-x86_64/jdk7u79/2331/hotspot/src/share/vm/prims/jvm.cpp:1304
Event: 7411.157 Thread 0x00007f830e8c0800 Threw 0x00000007ec16d388 at /HUDSON/workspace/7u-2-build-macosx-x86_64/jdk7u79/2331/hotspot/src/share/vm/prims/jvm.cpp:1304
Event: 7411.157 Thread 0x00007f830e8c0800 Threw 0x00000007ec178580 at /HUDSON/workspace/7u-2-build-macosx-x86_64/jdk7u79/2331/hotspot/src/share/vm/prims/jvm.cpp:1304
Event: 7411.157 Thread 0x00007f830e8c0800 Threw 0x00000007ec183440 at /HUDSON/workspace/7u-2-build-macosx-x86_64/jdk7u79/2331/hotspot/src/share/vm/prims/jvm.cpp:1304
Event: 7411.157 Thread 0x00007f830e8c0800 Threw 0x00000007ec18e288 at /HUDSON/workspace/7u-2-build-macosx-x86_64/jdk7u79/2331/hotspot/src/share/vm/prims/jvm.cpp:1304
Event: 7411.157 Thread 0x00007f830e8c0800 Threw 0x00000007ec199ae0 at /HUDSON/workspace/7u-2-build-macosx-x86_64/jdk7u79/2331/hotspot/src/share/vm/prims/jvm.cpp:1304
Event: 7411.157 Thread 0x00007f830e8c0800 Threw 0x00000007ec1a3ac8 at /HUDSON/workspace/7u-2-build-macosx-x86_64/jdk7u79/2331/hotspot/src/share/vm/prims/jvm.cpp:1304
Event: 7411.157 Thread 0x00007f830e8c0800 Threw 0x00000007ec1ae408 at /HUDSON/workspace/7u-2-build-macosx-x86_64/jdk7u79/2331/hotspot/src/share/vm/prims/jvm.cpp:1304
Event: 7411.157 Thread 0x00007f830e8c0800 Implicit null exception at 0x000000010de02730 to 0x0000000000000000

Events (10 events):
Event: 7410.919 loading class 0x00007f83057a0a60 done
Event: 7410.920 loading class 0x00007f8305793040
Event: 7410.920 loading class 0x00007f8305793040 done
Event: 7410.921 loading class 0x00007f83057bca90
Event: 7410.921 loading class 0x00007f83057bca90 done
Event: 7411.058 Thread 0x00007f8306831000 flushing nmethod 0x000000010df0b850
Event: 7411.058 Thread 0x00007f8306831000 flushing nmethod 0x000000010df0de50
Event: 7411.077 Thread 0x00007f8305823800 flushing nmethod 0x000000010e184210
Event: 7411.114 Executing VM operation: ParallelGCFailedAllocation
Event: 7411.123 Executing VM operation: ParallelGCFailedAllocation done


Dynamic libraries:
0x0000000102440000 	/System/Library/Frameworks/Cocoa.framework/Versions/A/Cocoa
0x0000000102443000 	/System/Library/Frameworks/Security.framework/Versions/A/Security
0x000000010280c000 	/System/Library/Frameworks/ApplicationServices.framework/Versions/A/ApplicationServices
0x000000010280f000 	/usr/lib/libz.1.dylib
0x0000000102828000 	/usr/lib/libSystem.B.dylib
0x0000000102833000 	/usr/lib/libobjc.A.dylib
0x0000000102a57000 	/System/Library/Frameworks/CoreFoundation.framework/Versions/A/CoreFoundation
0x0000000102f7b000 	/System/Library/Frameworks/Foundation.framework/Versions/C/Foundation
0x0000000103502000 	/System/Library/Frameworks/AppKit.framework/Versions/C/AppKit
0x0000000104892000 	/System/Library/Frameworks/CoreData.framework/Versions/A/CoreData
0x0000000104c4e000 	/System/Library/PrivateFrameworks/RemoteViewServices.framework/Versions/A/RemoteViewServices
0x0000000104cc5000 	/System/Library/PrivateFrameworks/UIFoundation.framework/Versions/A/UIFoundation
0x0000000104e8e000 	/System/Library/Frameworks/IOSurface.framework/Versions/A/IOSurface
0x0000000104ea1000 	/System/Library/Frameworks/AudioToolbox.framework/Versions/A/AudioToolbox
0x00000001050a5000 	/System/Library/Frameworks/AudioUnit.framework/Versions/A/AudioUnit
0x00000001050af000 	/System/Library/PrivateFrameworks/DataDetectorsCore.framework/Versions/A/DataDetectorsCore
0x0000000105158000 	/System/Library/PrivateFrameworks/DesktopServicesPriv.framework/Versions/A/DesktopServicesPriv
0x00000001052f1000 	/System/Library/Frameworks/Carbon.framework/Versions/A/Frameworks/HIToolbox.framework/Versions/A/HIToolbox
0x0000000105775000 	/System/Library/Frameworks/QuartzCore.framework/Versions/A/QuartzCore
0x0000000105a0a000 	/System/Library/Frameworks/Carbon.framework/Versions/A/Frameworks/SpeechRecognition.framework/Versions/A/SpeechRecognition
0x0000000105a1c000 	/usr/lib/libauto.dylib
0x0000000105a7b000 	/usr/lib/libicucore.A.dylib
0x0000000105d20000 	/usr/lib/libxml2.2.dylib
0x0000000105e49000 	/System/Library/PrivateFrameworks/CoreUI.framework/Versions/A/CoreUI
0x000000010608e000 	/System/Library/Frameworks/CoreAudio.framework/Versions/A/CoreAudio
0x0000000106104000 	/System/Library/Frameworks/DiskArbitration.framework/Versions/A/DiskArbitration
0x0000000106113000 	/usr/lib/liblangid.dylib
0x000000010611e000 	/System/Library/PrivateFrameworks/MultitouchSupport.framework/Versions/A/MultitouchSupport
0x0000000106154000 	/System/Library/Frameworks/IOKit.framework/Versions/A/IOKit
0x0000000106202000 	/usr/lib/libDiagnosticMessagesClient.dylib
0x000000010620a000 	/System/Library/Frameworks/CoreServices.framework/Versions/A/CoreServices
0x000000010620e000 	/System/Library/PrivateFrameworks/PerformanceAnalysis.framework/Versions/A/PerformanceAnalysis
0x0000000106312000 	/System/Library/PrivateFrameworks/GenerationalStorage.framework/Versions/A/GenerationalStorage
0x0000000106348000 	/System/Library/Frameworks/OpenGL.framework/Versions/A/OpenGL
0x0000000106360000 	/System/Library/PrivateFrameworks/Sharing.framework/Versions/A/Sharing
0x00000001063b5000 	/System/Library/Frameworks/CoreGraphics.framework/Versions/A/CoreGraphics
0x0000000106d57000 	/System/Library/Frameworks/CoreText.framework/Versions/A/CoreText
0x0000000106f0e000 	/System/Library/Frameworks/ImageIO.framework/Versions/A/ImageIO
0x00000001070c0000 	/usr/lib/libextension.dylib
0x00000001070ff000 	/System/Library/PrivateFrameworks/Backup.framework/Versions/A/Backup
0x000000010725a000 	/usr/lib/libarchive.2.dylib
0x0000000107296000 	/System/Library/Frameworks/CFNetwork.framework/Versions/A/CFNetwork
0x0000000107630000 	/System/Library/Frameworks/SystemConfiguration.framework/Versions/A/SystemConfiguration
0x00000001076ef000 	/usr/lib/libCRFSuite.dylib
0x000000010771b000 	/usr/lib/libc++.1.dylib
0x00000001077d0000 	/usr/lib/libc++abi.dylib
0x000000010780a000 	/usr/lib/system/libcache.dylib
0x0000000107813000 	/usr/lib/system/libcommonCrypto.dylib
0x000000010782e000 	/usr/lib/system/libcompiler_rt.dylib
0x0000000107841000 	/usr/lib/system/libcopyfile.dylib
0x0000000107854000 	/usr/lib/system/libcorecrypto.dylib
0x00000001078eb000 	/usr/lib/system/libdispatch.dylib
0x000000010793f000 	/usr/lib/system/libdyld.dylib
0x000000010794e000 	/usr/lib/system/libkeymgr.dylib
0x0000000107952000 	/usr/lib/system/liblaunch.dylib
0x000000010795e000 	/usr/lib/system/libmacho.dylib
0x000000010796f000 	/usr/lib/system/libquarantine.dylib
0x000000010797a000 	/usr/lib/system/libremovefile.dylib
0x0000000107986000 	/usr/lib/system/libsystem_asl.dylib
0x00000001079aa000 	/usr/lib/system/libsystem_blocks.dylib
0x00000001079b1000 	/usr/lib/system/libsystem_c.dylib
0x0000000107a68000 	/usr/lib/system/libsystem_configuration.dylib
0x0000000107a73000 	/usr/lib/system/libsystem_coreservices.dylib
0x0000000107a80000 	/usr/lib/system/libsystem_coretls.dylib
0x0000000107aa3000 	/usr/lib/system/libsystem_dnssd.dylib
0x0000000107ab4000 	/usr/lib/system/libsystem_info.dylib
0x0000000107af2000 	/usr/lib/system/libsystem_kernel.dylib
0x0000000107b28000 	/usr/lib/system/libsystem_m.dylib
0x0000000107b6b000 	/usr/lib/system/libsystem_malloc.dylib
0x0000000107b93000 	/usr/lib/system/libsystem_network.dylib
0x0000000107bf3000 	/usr/lib/system/libsystem_networkextension.dylib
0x0000000107c05000 	/usr/lib/system/libsystem_notify.dylib
0x0000000107c17000 	/usr/lib/system/libsystem_platform.dylib
0x0000000107c2d000 	/usr/lib/system/libsystem_pthread.dylib
0x0000000107c45000 	/usr/lib/system/libsystem_sandbox.dylib
0x0000000107c52000 	/usr/lib/system/libsystem_secinit.dylib
0x0000000107c59000 	/usr/lib/system/libsystem_stats.dylib
0x0000000107c68000 	/usr/lib/system/libsystem_trace.dylib
0x0000000107c7f000 	/usr/lib/system/libunc.dylib
0x0000000107c85000 	/usr/lib/system/libunwind.dylib
0x0000000107c93000 	/usr/lib/system/libxpc.dylib
0x0000000107cd9000 	/usr/lib/libbz2.1.0.dylib
0x0000000107cf1000 	/usr/lib/liblzma.5.dylib
0x0000000107d1b000 	/usr/lib/libbsm.0.dylib
0x0000000107d36000 	/usr/lib/libsqlite3.dylib
0x0000000107e95000 	/usr/lib/system/libkxld.dylib
0x0000000107ea8000 	/usr/lib/libxar.1.dylib
0x0000000107ec0000 	/usr/lib/libpam.2.dylib
0x0000000107ecb000 	/usr/lib/libOpenScriptingUtil.dylib
0x0000000107ed3000 	/System/Library/Frameworks/CoreServices.framework/Versions/A/Frameworks/FSEvents.framework/Versions/A/FSEvents
0x0000000107ee6000 	/System/Library/Frameworks/CoreServices.framework/Versions/A/Frameworks/CarbonCore.framework/Versions/A/CarbonCore
0x0000000107a49000 	/System/Library/Frameworks/CoreServices.framework/Versions/A/Frameworks/Metadata.framework/Versions/A/Metadata
0x0000000108356000 	/System/Library/Frameworks/CoreServices.framework/Versions/A/Frameworks/OSServices.framework/Versions/A/OSServices
0x000000010842e000 	/System/Library/Frameworks/CoreServices.framework/Versions/A/Frameworks/SearchKit.framework/Versions/A/SearchKit
0x00000001084e6000 	/System/Library/Frameworks/CoreServices.framework/Versions/A/Frameworks/AE.framework/Versions/A/AE
0x0000000108578000 	/System/Library/Frameworks/CoreServices.framework/Versions/A/Frameworks/LaunchServices.framework/Versions/A/LaunchServices
0x000000010874f000 	/System/Library/Frameworks/CoreServices.framework/Versions/A/Frameworks/DictionaryServices.framework/Versions/A/DictionaryServices
0x000000010879e000 	/System/Library/Frameworks/NetFS.framework/Versions/A/NetFS
0x00000001087b0000 	/System/Library/PrivateFrameworks/NetAuth.framework/Versions/A/NetAuth
0x00000001087c5000 	/System/Library/PrivateFrameworks/login.framework/Versions/A/Frameworks/loginsupport.framework/Versions/A/loginsupport
0x00000001087d3000 	/System/Library/PrivateFrameworks/TCC.framework/Versions/A/TCC
0x00000001087e4000 	/usr/lib/libmecabra.dylib
0x0000000108b84000 	/System/Library/Frameworks/ApplicationServices.framework/Versions/A/Frameworks/ATS.framework/Versions/A/ATS
0x0000000108c24000 	/System/Library/Frameworks/ApplicationServices.framework/Versions/A/Frameworks/ColorSync.framework/Versions/A/ColorSync
0x0000000108d05000 	/System/Library/Frameworks/ApplicationServices.framework/Versions/A/Frameworks/HIServices.framework/Versions/A/HIServices
0x0000000108d84000 	/System/Library/Frameworks/ApplicationServices.framework/Versions/A/Frameworks/LangAnalysis.framework/Versions/A/LangAnalysis
0x000000000eca5000 	/System/Library/Frameworks/ApplicationServices.framework/Versions/A/Frameworks/PrintCore.framework/Versions/A/PrintCore
0x0000000108e26000 	/System/Library/Frameworks/ApplicationServices.framework/Versions/A/Frameworks/QD.framework/Versions/A/QD
0x0000000108e88000 	/System/Library/Frameworks/ApplicationServices.framework/Versions/A/Frameworks/SpeechSynthesis.framework/Versions/A/SpeechSynthesis
0x0000000108eae000 	/System/Library/Frameworks/Accelerate.framework/Versions/A/Accelerate
0x0000000108eb4000 	/System/Library/Frameworks/Accelerate.framework/Versions/A/Frameworks/vImage.framework/Versions/A/vImage
0x0000000109360000 	/System/Library/Frameworks/Accelerate.framework/Versions/A/Frameworks/vecLib.framework/Versions/A/vecLib
0x000000010936a000 	/System/Library/Frameworks/Accelerate.framework/Versions/A/Frameworks/vecLib.framework/Versions/A/libvDSP.dylib
0x000000010948e000 	/System/Library/Frameworks/Accelerate.framework/Versions/A/Frameworks/vecLib.framework/Versions/A/libvMisc.dylib
0x0000000109562000 	/System/Library/Frameworks/Accelerate.framework/Versions/A/Frameworks/vecLib.framework/Versions/A/libLAPACK.dylib
0x00000001099d3000 	/System/Library/Frameworks/Accelerate.framework/Versions/A/Frameworks/vecLib.framework/Versions/A/libBLAS.dylib
0x0000000109b93000 	/System/Library/Frameworks/Accelerate.framework/Versions/A/Frameworks/vecLib.framework/Versions/A/libLinearAlgebra.dylib
0x0000000109bb6000 	/System/Library/Frameworks/ApplicationServices.framework/Versions/A/Frameworks/ATS.framework/Versions/A/Resources/libFontParser.dylib
0x0000000109d2a000 	/System/Library/Frameworks/ApplicationServices.framework/Versions/A/Frameworks/ATS.framework/Versions/A/Resources/libFontRegistry.dylib
0x0000000109d9a000 	/System/Library/PrivateFrameworks/AppleVPA.framework/Versions/A/AppleVPA
0x0000000109dbf000 	/System/Library/PrivateFrameworks/AppleJPEG.framework/Versions/A/AppleJPEG
0x0000000109ed1000 	/System/Library/Frameworks/ImageIO.framework/Versions/A/Resources/libJPEG.dylib
0x0000000109efe000 	/System/Library/Frameworks/ImageIO.framework/Versions/A/Resources/libTIFF.dylib
0x0000000109f6d000 	/System/Library/Frameworks/ImageIO.framework/Versions/A/Resources/libPng.dylib
0x0000000109fa3000 	/System/Library/Frameworks/ImageIO.framework/Versions/A/Resources/libGIF.dylib
0x0000000109fac000 	/System/Library/Frameworks/ImageIO.framework/Versions/A/Resources/libJP2.dylib
0x000000010a0cb000 	/System/Library/Frameworks/ImageIO.framework/Versions/A/Resources/libRadiance.dylib
0x000000010a0d3000 	/System/Library/Frameworks/CoreVideo.framework/Versions/A/CoreVideo
0x000000010a11f000 	/System/Library/Frameworks/OpenGL.framework/Versions/A/Libraries/libGLU.dylib
0x000000010a173000 	/System/Library/Frameworks/OpenGL.framework/Versions/A/Libraries/libGFXShared.dylib
0x000000010a18a000 	/System/Library/Frameworks/OpenGL.framework/Versions/A/Libraries/libGL.dylib
0x000000010a1ab000 	/System/Library/Frameworks/OpenGL.framework/Versions/A/Libraries/libGLImage.dylib
0x000000010a1fa000 	/System/Library/Frameworks/OpenGL.framework/Versions/A/Libraries/libCVMSPluginSupport.dylib
0x000000010a201000 	/System/Library/Frameworks/OpenGL.framework/Versions/A/Libraries/libCoreVMClient.dylib
0x000000010a210000 	/usr/lib/libcups.2.dylib
0x000000010a275000 	/System/Library/Frameworks/Kerberos.framework/Versions/A/Kerberos
0x000000010a2a9000 	/System/Library/Frameworks/GSS.framework/Versions/A/GSS
0x000000010a2fe000 	/usr/lib/libresolv.9.dylib
0x000000010a329000 	/usr/lib/libiconv.2.dylib
0x000000010a42b000 	/System/Library/PrivateFrameworks/Heimdal.framework/Versions/A/Heimdal
0x000000010a4c7000 	/usr/lib/libheimdal-asn1.dylib
0x000000010a4d6000 	/System/Library/Frameworks/OpenDirectory.framework/Versions/A/OpenDirectory
0x000000010a4f7000 	/System/Library/PrivateFrameworks/CommonAuth.framework/Versions/A/CommonAuth
0x000000010a50c000 	/System/Library/Frameworks/OpenDirectory.framework/Versions/A/Frameworks/CFOpenDirectory.framework/Versions/A/CFOpenDirectory
0x000000010a549000 	/System/Library/Frameworks/SecurityFoundation.framework/Versions/A/SecurityFoundation
0x000000010a600000 	/System/Library/PrivateFrameworks/LanguageModeling.framework/Versions/A/LanguageModeling
0x000000010a66b000 	/usr/lib/libcmph.dylib
0x000000010a691000 	/System/Library/Frameworks/ServiceManagement.framework/Versions/A/ServiceManagement
0x000000010a69d000 	/usr/lib/libxslt.1.dylib
0x000000010a6d5000 	/System/Library/Frameworks/Carbon.framework/Versions/A/Frameworks/Ink.framework/Versions/A/Ink
0x000000010a79d000 	/System/Library/Frameworks/QuartzCore.framework/Versions/A/Frameworks/CoreImage.framework/Versions/A/CoreImage
0x000000010abc1000 	/System/Library/PrivateFrameworks/CrashReporterSupport.framework/Versions/A/CrashReporterSupport
0x000000010abdc000 	/System/Library/Frameworks/OpenCL.framework/Versions/A/OpenCL
0x000000010ac48000 	/System/Library/PrivateFrameworks/FaceCore.framework/Versions/A/FaceCore
0x000000010b296000 	/System/Library/PrivateFrameworks/Ubiquity.framework/Versions/A/Ubiquity
0x000000010b2c3000 	/System/Library/PrivateFrameworks/IconServices.framework/Versions/A/IconServices
0x000000010b30a000 	/System/Library/PrivateFrameworks/ChunkingLibrary.framework/Versions/A/ChunkingLibrary
0x000000010b341000 	/System/Library/PrivateFrameworks/Apple80211.framework/Versions/A/Apple80211
0x000000010b372000 	/System/Library/Frameworks/CoreWLAN.framework/Versions/A/CoreWLAN
0x000000010b429000 	/System/Library/Frameworks/IOBluetooth.framework/Versions/A/IOBluetooth
0x000000010b54b000 	/System/Library/PrivateFrameworks/CoreWiFi.framework/Versions/A/CoreWiFi
0x000000010b613000 	/System/Library/Frameworks/CoreBluetooth.framework/Versions/A/CoreBluetooth
0x000000010b63c000 	/System/Library/PrivateFrameworks/DebugSymbols.framework/Versions/A/DebugSymbols
0x000000010b696000 	/System/Library/PrivateFrameworks/CoreSymbolication.framework/Versions/A/CoreSymbolication
0x000000010b73b000 	/System/Library/PrivateFrameworks/Symbolication.framework/Versions/A/Symbolication
0x000000010b7a8000 	/System/Library/PrivateFrameworks/SpeechRecognitionCore.framework/Versions/A/SpeechRecognitionCore
0x000000010b9f7000 	/System/Library/CoreServices/Encodings/libSimplifiedChineseConverter.dylib
0x000000010cc00000 	/Library/Java/JavaVirtualMachines/jdk1.7.0_79.jdk/Contents/Home/jre/lib/server/libjvm.dylib
0x000000010bace000 	/usr/lib/libstdc++.6.dylib
0x000000010bb84000 	/Library/Java/JavaVirtualMachines/jdk1.7.0_79.jdk/Contents/Home/jre/lib/libverify.dylib
0x000000010bb91000 	/Library/Java/JavaVirtualMachines/jdk1.7.0_79.jdk/Contents/Home/jre/lib/libjava.dylib
0x000000010bbc9000 	/Library/Java/JavaVirtualMachines/jdk1.7.0_79.jdk/Contents/Home/jre/lib/libzip.dylib
0x00000001160b5000 	/System/Library/Frameworks/JavaVM.framework/Frameworks/JavaRuntimeSupport.framework/JavaRuntimeSupport
0x000000010bbeb000 	/System/Library/Frameworks/JavaVM.framework/Versions/A/Frameworks/JavaNativeFoundation.framework/Versions/A/JavaNativeFoundation
0x00000001160cd000 	/System/Library/Frameworks/JavaVM.framework/Versions/A/JavaVM
0x0000000102f78000 	/System/Library/Frameworks/Carbon.framework/Versions/A/Carbon
0x00000001160da000 	/System/Library/PrivateFrameworks/JavaLaunching.framework/Versions/A/JavaLaunching
0x00000001160e6000 	/System/Library/Frameworks/Carbon.framework/Versions/A/Frameworks/CommonPanels.framework/Versions/A/CommonPanels
0x00000001160f1000 	/System/Library/Frameworks/Carbon.framework/Versions/A/Frameworks/Help.framework/Versions/A/Help
0x00000001160fa000 	/System/Library/Frameworks/Carbon.framework/Versions/A/Frameworks/ImageCapture.framework/Versions/A/ImageCapture
0x0000000116127000 	/System/Library/Frameworks/Carbon.framework/Versions/A/Frameworks/OpenScripting.framework/Versions/A/OpenScripting
0x00000000a039a000 	/System/Library/Frameworks/Carbon.framework/Versions/A/Frameworks/Print.framework/Versions/A/Print
0x0000000105a03000 	/System/Library/Frameworks/Carbon.framework/Versions/A/Frameworks/SecurityHI.framework/Versions/A/SecurityHI
0x0000000118106000 	/Library/Java/JavaVirtualMachines/jdk1.7.0_79.jdk/Contents/Home/jre/lib/libnet.dylib
0x0000000118164000 	/Library/Java/JavaVirtualMachines/jdk1.7.0_79.jdk/Contents/Home/jre/lib/libnio.dylib
0x00000001077cb000 	/Users/meibo-design/.gradle/native/19/osx-amd64/libnative-platform.dylib
0x00000001180b8000 	/Library/Java/JavaVirtualMachines/jdk1.7.0_79.jdk/Contents/Home/jre/lib/libmanagement.dylib
0x000000011be86000 	/Library/Java/JavaVirtualMachines/jdk1.7.0_79.jdk/Contents/Home/jre/lib/libawt.dylib
0x000000011bf35000 	/Library/Java/JavaVirtualMachines/jdk1.7.0_79.jdk/Contents/Home/jre/lib/./libmlib_image.dylib
0x000000011c001000 	/Library/Java/JavaVirtualMachines/jdk1.7.0_79.jdk/Contents/Home/jre/lib/lwawt/liblwawt.dylib
0x000000011825c000 	/Library/Java/JavaVirtualMachines/jdk1.7.0_79.jdk/Contents/Home/jre/lib/libosxapp.dylib
0x0000000116215000 	/System/Library/Frameworks/ExceptionHandling.framework/Versions/A/ExceptionHandling
0x000000011c1fc000 	/System/Library/PrivateFrameworks/CoreServicesInternal.framework/CoreServicesInternal
0x0000000119018000 	/System/Library/PrivateFrameworks/CloudDocs.framework/CloudDocs
0x0000000118691000 	/System/Library/PrivateFrameworks/CoreDuet.framework/Versions/A/CoreDuet
0x000000011c776000 	/System/Library/Frameworks/CloudKit.framework/Versions/A/CloudKit
0x00000001187f2000 	/System/Library/PrivateFrameworks/ProtocolBuffer.framework/Versions/A/ProtocolBuffer
0x000000011880d000 	/System/Library/PrivateFrameworks/CoreDuetDaemonProtocol.framework/Versions/A/CoreDuetDaemonProtocol
0x0000000118286000 	/System/Library/PrivateFrameworks/CoreDuetDebugLogging.framework/Versions/A/CoreDuetDebugLogging
0x0000000119e3e000 	/System/Library/PrivateFrameworks/MMCS.framework/Versions/A/MMCS
0x0000000118e8e000 	/System/Library/Frameworks/CoreLocation.framework/Versions/A/CoreLocation
0x0000000119d09000 	/System/Library/PrivateFrameworks/ProtectedCloudStorage.framework/Versions/A/ProtectedCloudStorage
0x000000011de3f000 	/System/Library/PrivateFrameworks/GeoServices.framework/Versions/A/GeoServices
0x00000001186c3000 	/System/Library/Frameworks/CoreGraphics.framework/Versions/A/Resources/libCGCMS.A.dylib
0x0000000118dc0000 	/System/Library/Frameworks/CoreGraphics.framework/Versions/A/Resources/libRIP.A.dylib
0x00000001190a6000 	/System/Library/PrivateFrameworks/FamilyControls.framework/Versions/A/FamilyControls
0x0000000118ef7000 	/System/Library/PrivateFrameworks/CommerceKit.framework/Versions/A/Frameworks/CommerceCore.framework/Versions/A/CommerceCore
0x000000011cde2000 	/System/Library/PrivateFrameworks/SystemAdministration.framework/Versions/A/SystemAdministration
0x00000001192d5000 	/System/Library/PrivateFrameworks/AppContainer.framework/Versions/A/AppContainer
0x0000000118d8b000 	/System/Library/PrivateFrameworks/SecCodeWrapper.framework/Versions/A/SecCodeWrapper
0x0000000119301000 	/System/Library/Frameworks/DirectoryService.framework/Versions/A/DirectoryService
0x000000011fe57000 	/System/Library/PrivateFrameworks/DiskImages.framework/Versions/A/DiskImages
0x0000000118d93000 	/System/Library/PrivateFrameworks/LoginUIKit.framework/Versions/A/Frameworks/LoginUICore.framework/Versions/A/LoginUICore
0x000000011ff8d000 	/usr/lib/libCoreStorage.dylib
0x0000000119494000 	/usr/lib/libcsfde.dylib
0x0000000118df8000 	/usr/lib/libodfde.dylib
0x0000000120047000 	/System/Library/Frameworks/DiscRecording.framework/Versions/A/DiscRecording
0x0000000120169000 	/usr/lib/libcurl.4.dylib
0x0000000119edf000 	/System/Library/PrivateFrameworks/MediaKit.framework/Versions/A/MediaKit
0x00000001194aa000 	/System/Library/PrivateFrameworks/EFILogin.framework/Versions/A/EFILogin
0x00000001194b2000 	/usr/lib/libutil.dylib
0x00000001194ba000 	/System/Library/PrivateFrameworks/FindMyDevice.framework/Versions/A/FindMyDevice
0x00000001201ca000 	/System/Library/Frameworks/LDAP.framework/Versions/A/LDAP
0x0000000119d54000 	/usr/lib/libsasl2.2.dylib
0x000000012020e000 	/System/Library/PrivateFrameworks/CoreDaemon.framework/Versions/B/CoreDaemon
0x0000000120255000 	/usr/lib/libcrypto.0.9.8.dylib
0x00000001196e6000 	/System/Library/PrivateFrameworks/AppleSRP.framework/Versions/A/AppleSRP
0x00000001186d2000 	/System/Library/PrivateFrameworks/TrustEvaluationAgent.framework/Versions/A/TrustEvaluationAgent
0x0000000120527000 	/System/Library/Frameworks/OpenGL.framework/Resources/GLEngine.bundle/GLEngine
0x0000000120712000 	/System/Library/Frameworks/OpenGL.framework/Versions/A/Libraries/libGLProgrammability.dylib
0x0000000120b55000 	/System/Library/Extensions/AppleIntelHD4000GraphicsGLDriver.bundle/Contents/MacOS/AppleIntelHD4000GraphicsGLDriver
0x000000011c1c7000 	/System/Library/PrivateFrameworks/IOAccelerator.framework/Versions/A/IOAccelerator
0x000000011c1d3000 	/System/Library/PrivateFrameworks/GPUSupport.framework/Versions/A/Libraries/libGPUSupportMercury.dylib
0x00000001211b4000 	/System/Library/Frameworks/OpenGL.framework/Resources//GLRendererFloat.bundle/GLRendererFloat
0x000000011c1e8000 	/System/Library/Frameworks/OpenCL.framework/Versions/A/Libraries/libcldcpuengine.dylib
0x0000000121b2a000 	/Library/Java/JavaVirtualMachines/jdk1.7.0_79.jdk/Contents/Home/jre/lib/libdcpr.dylib

VM Arguments:
jvm_args: -XX:MaxPermSize=256m -XX:+HeapDumpOnOutOfMemoryError -Xmx1024m -Dfile.encoding=UTF-8 -Duser.country=CN -Duser.language=zh -Duser.variant 
java_command: org.gradle.launcher.daemon.bootstrap.GradleDaemon 2.8
Launcher Type: SUN_STANDARD

Environment Variables:
PATH=/usr/bin:/bin:/usr/sbin:/sbin
SHELL=/bin/zsh

Signal Handlers:
SIGSEGV: [libjvm.dylib+0x52daf1], sa_mask[0]=0xfffefeff, sa_flags=0x00000043
SIGBUS: [libjvm.dylib+0x52daf1], sa_mask[0]=0xfffefeff, sa_flags=0x00000042
SIGFPE: [libjvm.dylib+0x41f34e], sa_mask[0]=0xfffefeff, sa_flags=0x00000042
SIGPIPE: [libjvm.dylib+0x41f34e], sa_mask[0]=0xfffefeff, sa_flags=0x00000042
SIGXFSZ: [libjvm.dylib+0x41f34e], sa_mask[0]=0xfffefeff, sa_flags=0x00000042
SIGILL: [libjvm.dylib+0x41f34e], sa_mask[0]=0xfffefeff, sa_flags=0x00000042
SIGUSR1: SIG_DFL, sa_mask[0]=0x00000000, sa_flags=0x00000000
SIGUSR2: [libjvm.dylib+0x41ee40], sa_mask[0]=0x00000004, sa_flags=0x00000042
SIGHUP: [libjvm.dylib+0x41d0d1], sa_mask[0]=0xfffefeff, sa_flags=0x00000042
SIGINT: [libjvm.dylib+0x41d0d1], sa_mask[0]=0xfffefeff, sa_flags=0x00000042
SIGTERM: [libjvm.dylib+0x41d0d1], sa_mask[0]=0xfffefeff, sa_flags=0x00000042
SIGQUIT: [libjvm.dylib+0x41d0d1], sa_mask[0]=0xfffefeff, sa_flags=0x00000042


---------------  S Y S T E M  ---------------

OS:Bsduname:Darwin 14.5.0 Darwin Kernel Version 14.5.0: Wed Jul 29 02:26:53 PDT 2015; root:xnu-2782.40.9~1/RELEASE_X86_64 x86_64
rlimit: STACK 8192k, CORE 0k, NPROC 709, NOFILE 10240, AS infinity
load average:2.62 2.67 2.62

CPU:total 8 (4 cores per cpu, 2 threads per core) family 6 model 58 stepping 9, cmov, cx8, fxsr, mmx, sse, sse2, sse3, ssse3, sse4.1, sse4.2, popcnt, avx, aes, erms, ht, tsc, tscinvbit, tscinv

Memory: 4k page, physical 16777216k(4194304k free)

/proc/meminfo:


vm_info: Java HotSpot(TM) 64-Bit Server VM (24.79-b02) for bsd-amd64 JRE (1.7.0_79-b15), built on Apr 10 2015 11:35:04 by "java_re" with gcc 4.2.1 (Based on Apple Inc. build 5658) (LLVM build 2336.11.00)

time: Tue May 31 14:01:23 2016
elapsed time: 7411 seconds

